0 info it worked if it ends with ok
1 verbose cli [ '/usr/local/bin/node', '/usr/local/bin/npm', 'run', 'release' ]
2 info using npm@4.1.2
3 info using node@v6.9.4
4 verbose run-script [ 'prerelease', 'release', 'postrelease' ]
5 info lifecycle re-app-builder@1.0.0-dev.16~prerelease: re-app-builder@1.0.0-dev.16
6 silly lifecycle re-app-builder@1.0.0-dev.16~prerelease: no script for prerelease, continuing
7 info lifecycle re-app-builder@1.0.0-dev.16~release: re-app-builder@1.0.0-dev.16
8 verbose lifecycle re-app-builder@1.0.0-dev.16~release: unsafe-perm in lifecycle true
9 verbose lifecycle re-app-builder@1.0.0-dev.16~release: PATH: /usr/local/lib/node_modules/npm/bin/node-gyp-bin:/Users/brabeji/dev/htdocs/re-app-builder/node_modules/.bin:/usr/local/bin:/user/school/y2/swe/tarql/target/appassembler/bin:/user/dev/android-sdk-macosx/platform-tools:/user/dev/android-sdk-macosx/tools:/usr/local/heroku/bin:/Applications/MAMP/bin/php/php5.6.7/bin:/Applications/MAMP/bin:/Applications/MAMP/Library/bin:~/.composer/vendor/bin/:/usr/bin:/bin:/usr/sbin:/sbin:/usr/local/bin:/opt/X11/bin:/Library/TeX/texbin:/Users/brabeji/dev/spring-boot-cli/bin
10 verbose lifecycle re-app-builder@1.0.0-dev.16~release: CWD: /Users/brabeji/dev/htdocs/re-app-builder
11 silly lifecycle re-app-builder@1.0.0-dev.16~release: Args: [ '-c',
11 silly lifecycle   'git add . && git commit && git push upstream 1.0.0-dev && npm publish' ]
12 silly lifecycle re-app-builder@1.0.0-dev.16~release: Returned: code: 1  signal: null
13 info lifecycle re-app-builder@1.0.0-dev.16~release: Failed to exec release script
14 verbose stack Error: re-app-builder@1.0.0-dev.16 release: `git add . && git commit && git push upstream 1.0.0-dev && npm publish`
14 verbose stack Exit status 1
14 verbose stack     at EventEmitter.<anonymous> (/usr/local/lib/node_modules/npm/lib/utils/lifecycle.js:279:16)
14 verbose stack     at emitTwo (events.js:106:13)
14 verbose stack     at EventEmitter.emit (events.js:191:7)
14 verbose stack     at ChildProcess.<anonymous> (/usr/local/lib/node_modules/npm/lib/utils/spawn.js:40:14)
14 verbose stack     at emitTwo (events.js:106:13)
14 verbose stack     at ChildProcess.emit (events.js:191:7)
14 verbose stack     at maybeClose (internal/child_process.js:877:16)
14 verbose stack     at Process.ChildProcess._handle.onexit (internal/child_process.js:226:5)
15 verbose pkgid re-app-builder@1.0.0-dev.16
16 verbose cwd /Users/brabeji/dev/htdocs/re-app-builder
17 error Darwin 16.4.0
18 error argv "/usr/local/bin/node" "/usr/local/bin/npm" "run" "release"
19 error node v6.9.4
20 error npm  v4.1.2
21 error code ELIFECYCLE
22 error re-app-builder@1.0.0-dev.16 release: `git add . && git commit && git push upstream 1.0.0-dev && npm publish`
22 error Exit status 1
23 error Failed at the re-app-builder@1.0.0-dev.16 release script 'git add . && git commit && git push upstream 1.0.0-dev && npm publish'.
23 error Make sure you have the latest version of node.js and npm installed.
23 error If you do, this is most likely a problem with the re-app-builder package,
23 error not with npm itself.
23 error Tell the author that this fails on your system:
23 error     git add . && git commit && git push upstream 1.0.0-dev && npm publish
23 error You can get information on how to open an issue for this project with:
23 error     npm bugs re-app-builder
23 error Or if that isn't available, you can get their info via:
23 error     npm owner ls re-app-builder
23 error There is likely additional logging output above.
24 verbose exit [ 1, true ]
